<?xml version="1.0" encoding="UTF-8"?>
<testsuite name="data.SPScoreTest" tests="7" skipped="0" failures="0" errors="0" timestamp="2020-05-21T13:35:57" hostname="LAPTOP-GER1ALIG" time="0.072">
  <properties/>
  <testcase name="testSetPrintableScore" classname="data.SPScoreTest" time="0.001"/>
  <testcase name="testIncrementScore" classname="data.SPScoreTest" time="0.001"/>
  <testcase name="testFileReader" classname="data.SPScoreTest" time="0.0"/>
  <testcase name="testFileWriter" classname="data.SPScoreTest" time="0.0"/>
  <testcase name="updatePrintableTest" classname="data.SPScoreTest" time="0.066"/>
  <testcase name="testConstructor" classname="data.SPScoreTest" time="0.001"/>
  <testcase name="testSetScore" classname="data.SPScoreTest" time="0.0"/>
  <system-out><![CDATA[]]></system-out>
  <system-err><![CDATA[]]></system-err>
</testsuite>
