<?xml version="1.0" encoding="UTF-8"?>
<testsuite name="rules.ScoreControllerTest" tests="4" skipped="0" failures="0" errors="0" timestamp="2020-05-03T22:18:05" hostname="LAPTOP-GER1ALIG" time="0.022">
  <properties/>
  <testcase name="testIncrementScore" classname="rules.ScoreControllerTest" time="0.0"/>
  <testcase name="testFileReader" classname="rules.ScoreControllerTest" time="0.0"/>
  <testcase name="testFileWriter" classname="rules.ScoreControllerTest" time="0.0"/>
  <testcase name="updatePrintableTest" classname="rules.ScoreControllerTest" time="0.02"/>
  <system-out><![CDATA[]]></system-out>
  <system-err><![CDATA[]]></system-err>
</testsuite>
