<?xml version="1.0" encoding="UTF-8"?>
<testsuite name="com.g44.model.AppleTest" tests="1" skipped="0" failures="0" errors="0" timestamp="2020-05-31T22:48:08" hostname="LAPTOP-GER1ALIG" time="0.021">
  <properties/>
  <testcase name="testApple" classname="com.g44.model.AppleTest" time="0.021"/>
  <system-out><![CDATA[]]></system-out>
  <system-err><![CDATA[]]></system-err>
</testsuite>
