<?xml version="1.0" encoding="UTF-8"?>
<testsuite name="model.ObstaculoTest" tests="3" skipped="0" failures="0" errors="0" timestamp="2020-05-31T17:47:52" hostname="LAPTOP-DDA1VVIE" time="0.001">
  <properties/>
  <testcase name="testGetType" classname="model.ObstaculoTest" time="0.0"/>
  <testcase name="testConstructorandGet" classname="model.ObstaculoTest" time="0.0"/>
  <testcase name="testSetPosition" classname="model.ObstaculoTest" time="0.0"/>
  <system-out><![CDATA[]]></system-out>
  <system-err><![CDATA[]]></system-err>
</testsuite>
