<?xml version="1.0" encoding="UTF-8"?>
<testsuite name="data.SPTopScoreTest" tests="2" skipped="0" failures="0" errors="0" timestamp="2020-05-31T00:04:22" hostname="LAPTOP-GER1ALIG" time="0.001">
  <properties/>
  <testcase name="testIncrementScore" classname="data.SPTopScoreTest" time="0.0"/>
  <testcase name="testConstructor" classname="data.SPTopScoreTest" time="0.001"/>
  <system-out><![CDATA[]]></system-out>
  <system-err><![CDATA[]]></system-err>
</testsuite>
