<?xml version="1.0" encoding="UTF-8"?>
<testsuite name="com.g44.rules.SinglePlayerControllerTest" tests="1" skipped="0" failures="0" errors="0" timestamp="2020-05-31T18:10:53" hostname="LAPTOP-GER1ALIG" time="4.52">
  <properties/>
  <testcase name="runTest" classname="com.g44.rules.SinglePlayerControllerTest" time="4.52"/>
  <system-out><![CDATA[]]></system-out>
  <system-err><![CDATA[]]></system-err>
</testsuite>
