<?xml version="1.0" encoding="UTF-8"?>
<testsuite name="com.g44.controller.MenuLevelsControllerTest" tests="1" skipped="0" failures="0" errors="0" timestamp="2020-05-31T22:52:31" hostname="LAPTOP-GER1ALIG" time="0.203">
  <properties/>
  <testcase name="runTest" classname="com.g44.controller.MenuLevelsControllerTest" time="0.203"/>
  <system-out><![CDATA[]]></system-out>
  <system-err><![CDATA[]]></system-err>
</testsuite>
