<?xml version="1.0" encoding="UTF-8"?>
<testsuite name="gui.ArenaViewTest" tests="3" skipped="0" failures="0" errors="0" timestamp="2020-04-30T12:12:38" hostname="LAPTOP-GER1ALIG" time="0.687">
  <properties/>
  <testcase name="testDrawSnake" classname="gui.ArenaViewTest" time="0.614"/>
  <testcase name="testDrawWalls" classname="gui.ArenaViewTest" time="0.04"/>
  <testcase name="testApplesWalls" classname="gui.ArenaViewTest" time="0.033"/>
  <system-out><![CDATA[]]></system-out>
  <system-err><![CDATA[]]></system-err>
</testsuite>
