<?xml version="1.0" encoding="UTF-8"?>
<testsuite name="com.g44.rules.InstructionsControllerTest" tests="1" skipped="0" failures="0" errors="0" timestamp="2020-05-31T16:48:48" hostname="LAPTOP-GER1ALIG" time="0.604">
  <properties/>
  <testcase name="runTest" classname="com.g44.rules.InstructionsControllerTest" time="0.604"/>
  <system-out><![CDATA[]]></system-out>
  <system-err><![CDATA[]]></system-err>
</testsuite>
