<?xml version="1.0" encoding="UTF-8"?>
<testsuite name="model.ArenaTest" tests="12" skipped="0" failures="0" errors="0" timestamp="2020-05-31T17:47:52" hostname="LAPTOP-DDA1VVIE" time="0.039">
  <properties/>
  <testcase name="checkCollisionsTest" classname="model.ArenaTest" time="0.002"/>
  <testcase name="testBuildWalls" classname="model.ArenaTest" time="0.0"/>
  <testcase name="checkAttackTest" classname="model.ArenaTest" time="0.002"/>
  <testcase name="setAndGetTopScoreTest" classname="model.ArenaTest" time="0.024"/>
  <testcase name="getCollidingTest" classname="model.ArenaTest" time="0.001"/>
  <testcase name="testRestartGame" classname="model.ArenaTest" time="0.003"/>
  <testcase name="testFileConstructor" classname="model.ArenaTest" time="0.002"/>
  <testcase name="eatAppleTest" classname="model.ArenaTest" time="0.001"/>
  <testcase name="updateVelocidadeTest" classname="model.ArenaTest" time="0.001"/>
  <testcase name="testGetWidthAndHeight" classname="model.ArenaTest" time="0.0"/>
  <testcase name="randomWallsTest" classname="model.ArenaTest" time="0.001"/>
  <testcase name="testConstructor" classname="model.ArenaTest" time="0.0"/>
  <system-out><![CDATA[]]></system-out>
  <system-err><![CDATA[]]></system-err>
</testsuite>
