<?xml version="1.0" encoding="UTF-8"?>
<testsuite name="data.ArenaTest" tests="7" skipped="0" failures="0" errors="0" timestamp="2020-05-29T22:17:27" hostname="LAPTOP-GER1ALIG" time="0.792">
  <properties/>
  <testcase name="checkCollisionsTest" classname="data.ArenaTest" time="0.684"/>
  <testcase name="testBuildWalls" classname="data.ArenaTest" time="0.002"/>
  <testcase name="getColidingTest" classname="data.ArenaTest" time="0.098"/>
  <testcase name="growSnakeTest" classname="data.ArenaTest" time="0.002"/>
  <testcase name="eatAppleTest" classname="data.ArenaTest" time="0.001"/>
  <testcase name="walkSnakeTest" classname="data.ArenaTest" time="0.002"/>
  <testcase name="testConstructor" classname="data.ArenaTest" time="0.002"/>
  <system-out><![CDATA[]]></system-out>
  <system-err><![CDATA[]]></system-err>
</testsuite>
