<?xml version="1.0" encoding="UTF-8"?>
<testsuite name="data.SPScoreTest" tests="7" skipped="0" failures="0" errors="0" timestamp="2020-05-21T23:16:03" hostname="LAPTOP-DDA1VVIE" time="0.098">
  <properties/>
  <testcase name="testSetPrintableScore" classname="data.SPScoreTest" time="0.0"/>
  <testcase name="testIncrementScore" classname="data.SPScoreTest" time="0.0"/>
  <testcase name="testFileReader" classname="data.SPScoreTest" time="0.0"/>
  <testcase name="testFileWriter" classname="data.SPScoreTest" time="0.0"/>
  <testcase name="updatePrintableTest" classname="data.SPScoreTest" time="0.091"/>
  <testcase name="testConstructor" classname="data.SPScoreTest" time="0.003"/>
  <testcase name="testSetScore" classname="data.SPScoreTest" time="0.0"/>
  <system-out><![CDATA[]]></system-out>
  <system-err><![CDATA[]]></system-err>
</testsuite>
