<?xml version="1.0" encoding="UTF-8"?>
<testsuite name="rules.SnakeControllerTest" tests="4" skipped="0" failures="0" errors="0" timestamp="2020-05-03T17:09:57" hostname="LAPTOP-GER1ALIG" time="0.809">
  <properties/>
  <testcase name="unshrinkSnakeTest" classname="rules.SnakeControllerTest" time="0.798"/>
  <testcase name="growSnakeTest" classname="rules.SnakeControllerTest" time="0.006"/>
  <testcase name="shrinkSnakeTest" classname="rules.SnakeControllerTest" time="0.002"/>
  <testcase name="walkSnakeTest" classname="rules.SnakeControllerTest" time="0.002"/>
  <system-out><![CDATA[]]></system-out>
  <system-err><![CDATA[]]></system-err>
</testsuite>
