<?xml version="1.0" encoding="UTF-8"?>
<testsuite name="gui.ViewTest" tests="1" skipped="0" failures="0" errors="0" timestamp="2020-05-30T11:15:34" hostname="LAPTOP-DDA1VVIE" time="0.614">
  <properties/>
  <testcase name="testDrawSnake" classname="gui.ViewTest" time="0.614"/>
  <system-out><![CDATA[]]></system-out>
  <system-err><![CDATA[]]></system-err>
</testsuite>
