<?xml version="1.0" encoding="UTF-8"?>
<testsuite name="data.ArenaTest" tests="4" skipped="0" failures="0" errors="0" timestamp="2020-05-11T17:54:04" hostname="LAPTOP-GER1ALIG" time="0.157">
  <properties/>
  <testcase name="testBuildWalls" classname="data.ArenaTest" time="0.148"/>
  <testcase name="getWidthTest" classname="data.ArenaTest" time="0.006"/>
  <testcase name="getHeightTest" classname="data.ArenaTest" time="0.001"/>
  <testcase name="testConstructor" classname="data.ArenaTest" time="0.001"/>
  <system-out><![CDATA[]]></system-out>
  <system-err><![CDATA[]]></system-err>
</testsuite>
