<?xml version="1.0" encoding="UTF-8"?>
<testsuite name="rules.SnakeControllerTest" tests="4" skipped="0" failures="0" errors="0" timestamp="2020-05-03T17:33:43" hostname="LAPTOP-DDA1VVIE" time="0.449">
  <properties/>
  <testcase name="unshrinkSnakeTest" classname="rules.SnakeControllerTest" time="0.443"/>
  <testcase name="growSnakeTest" classname="rules.SnakeControllerTest" time="0.003"/>
  <testcase name="shrinkSnakeTest" classname="rules.SnakeControllerTest" time="0.001"/>
  <testcase name="walkSnakeTest" classname="rules.SnakeControllerTest" time="0.001"/>
  <system-out><![CDATA[]]></system-out>
  <system-err><![CDATA[]]></system-err>
</testsuite>
