<?xml version="1.0" encoding="UTF-8"?>
<testsuite name="com.g44.view.ViewTest" tests="12" skipped="0" failures="0" errors="0" timestamp="2020-05-31T21:46:57" hostname="LAPTOP-GER1ALIG" time="0.479">
  <properties/>
  <testcase name="testDrawInstructions" classname="com.g44.view.ViewTest" time="0.329"/>
  <testcase name="testDrawMenuLevels" classname="com.g44.view.ViewTest" time="0.014"/>
  <testcase name="testDrawGameOver" classname="com.g44.view.ViewTest" time="0.008"/>
  <testcase name="testDrawArenaSinglePlayer" classname="com.g44.view.ViewTest" time="0.012"/>
  <testcase name="testDrawApples" classname="com.g44.view.ViewTest" time="0.004"/>
  <testcase name="testDrawArenaMultiPlayer" classname="com.g44.view.ViewTest" time="0.016"/>
  <testcase name="testDrawResults" classname="com.g44.view.ViewTest" time="0.007"/>
  <testcase name="testDrawMenu" classname="com.g44.view.ViewTest" time="0.007"/>
  <testcase name="testDrawSelecting" classname="com.g44.view.ViewTest" time="0.005"/>
  <testcase name="testDrawSnake" classname="com.g44.view.ViewTest" time="0.015"/>
  <testcase name="testDrawWalls" classname="com.g44.view.ViewTest" time="0.005"/>
  <testcase name="testGetCommand" classname="com.g44.view.ViewTest" time="0.052"/>
  <system-out><![CDATA[]]></system-out>
  <system-err><![CDATA[]]></system-err>
</testsuite>
