<?xml version="1.0" encoding="UTF-8"?>
<testsuite name="rules.ArenaControllerTest" tests="1" skipped="0" failures="0" errors="0" timestamp="2020-05-21T13:35:57" hostname="LAPTOP-GER1ALIG" time="0.651">
  <properties/>
  <testcase name="movementTest" classname="rules.ArenaControllerTest" time="0.651"/>
  <system-out><![CDATA[]]></system-out>
  <system-err><![CDATA[]]></system-err>
</testsuite>
