<?xml version="1.0" encoding="UTF-8"?>
<testsuite name="model.PoisonedAppleTest" tests="1" skipped="0" failures="0" errors="0" timestamp="2020-05-31T02:01:35" hostname="LAPTOP-DDA1VVIE" time="0.001">
  <properties/>
  <testcase name="testPoisonedApple" classname="model.PoisonedAppleTest" time="0.001"/>
  <system-out><![CDATA[]]></system-out>
  <system-err><![CDATA[]]></system-err>
</testsuite>
