<?xml version="1.0" encoding="UTF-8"?>
<testsuite name="gui.ViewTest" tests="12" skipped="0" failures="0" errors="0" timestamp="2020-05-31T00:30:44" hostname="LAPTOP-DDA1VVIE" time="0.462">
  <properties/>
  <testcase name="testDrawInstructions" classname="gui.ViewTest" time="0.323"/>
  <testcase name="testDrawMenuLevels" classname="gui.ViewTest" time="0.015"/>
  <testcase name="testDrawGameOver" classname="gui.ViewTest" time="0.01"/>
  <testcase name="testDrawArenaSinglePlayer" classname="gui.ViewTest" time="0.012"/>
  <testcase name="testDrawApples" classname="gui.ViewTest" time="0.004"/>
  <testcase name="testDrawArenaMultiPlayer" classname="gui.ViewTest" time="0.01"/>
  <testcase name="testDrawResults" classname="gui.ViewTest" time="0.007"/>
  <testcase name="testDrawMenu" classname="gui.ViewTest" time="0.005"/>
  <testcase name="testDrawSelecting" classname="gui.ViewTest" time="0.005"/>
  <testcase name="testDrawSnake" classname="gui.ViewTest" time="0.015"/>
  <testcase name="testDrawWalls" classname="gui.ViewTest" time="0.004"/>
  <testcase name="testGetCommand" classname="gui.ViewTest" time="0.046"/>
  <system-out><![CDATA[]]></system-out>
  <system-err><![CDATA[]]></system-err>
</testsuite>
