<?xml version="1.0" encoding="UTF-8"?>
<testsuite name="com.g44.rules.MainMeuControllerTest" tests="1" skipped="0" failures="0" errors="0" timestamp="2020-05-31T18:10:51" hostname="LAPTOP-GER1ALIG" time="2.41">
  <properties/>
  <testcase name="runTest" classname="com.g44.rules.MainMeuControllerTest" time="2.41"/>
  <system-out><![CDATA[]]></system-out>
  <system-err><![CDATA[]]></system-err>
</testsuite>
