<?xml version="1.0" encoding="UTF-8"?>
<testsuite name="model.ArenaTest" tests="7" skipped="0" failures="0" errors="0" timestamp="2020-05-31T02:01:35" hostname="LAPTOP-DDA1VVIE" time="0.01">
  <properties/>
  <testcase name="checkCollisionsTest" classname="model.ArenaTest" time="0.002"/>
  <testcase name="testBuildWalls" classname="model.ArenaTest" time="0.001"/>
  <testcase name="getColidingTest" classname="model.ArenaTest" time="0.002"/>
  <testcase name="growSnakeTest" classname="model.ArenaTest" time="0.001"/>
  <testcase name="eatAppleTest" classname="model.ArenaTest" time="0.001"/>
  <testcase name="walkSnakeTest" classname="model.ArenaTest" time="0.001"/>
  <testcase name="testConstructor" classname="model.ArenaTest" time="0.001"/>
  <system-out><![CDATA[]]></system-out>
  <system-err><![CDATA[]]></system-err>
</testsuite>
