<?xml version="1.0" encoding="UTF-8"?>
<testsuite name="model.SPTopScoreTest" tests="5" skipped="0" failures="0" errors="0" timestamp="2020-05-31T17:47:52" hostname="LAPTOP-DDA1VVIE" time="0.003">
  <properties/>
  <testcase name="testFileReaderAndGet" classname="model.SPTopScoreTest" time="0.001"/>
  <testcase name="testFileWritter" classname="model.SPTopScoreTest" time="0.001"/>
  <testcase name="testIncrementScore" classname="model.SPTopScoreTest" time="0.0"/>
  <testcase name="testConstructor" classname="model.SPTopScoreTest" time="0.0"/>
  <testcase name="testSetScore" classname="model.SPTopScoreTest" time="0.0"/>
  <system-out><![CDATA[]]></system-out>
  <system-err><![CDATA[]]></system-err>
</testsuite>
