<?xml version="1.0" encoding="UTF-8"?>
<testsuite name="rules.ScoreControllerTest" tests="4" skipped="0" failures="0" errors="0" timestamp="2020-05-11T17:36:07" hostname="LAPTOP-DDA1VVIE" time="0.134">
  <properties/>
  <testcase name="testIncrementScore" classname="rules.ScoreControllerTest" time="0.001"/>
  <testcase name="testFileReader" classname="rules.ScoreControllerTest" time="0.001"/>
  <testcase name="testFileWriter" classname="rules.ScoreControllerTest" time="0.0"/>
  <testcase name="updatePrintableTest" classname="rules.ScoreControllerTest" time="0.132"/>
  <system-out><![CDATA[]]></system-out>
  <system-err><![CDATA[]]></system-err>
</testsuite>
