<?xml version="1.0" encoding="UTF-8"?>
<testsuite name="data.SnakeTest" tests="2" skipped="0" failures="0" errors="0" timestamp="2020-05-01T17:23:29" hostname="LAPTOP-DDA1VVIE" time="0.002">
  <properties/>
  <testcase name="testConstructor" classname="data.SnakeTest" time="0.002"/>
  <testcase name="testSetPosition" classname="data.SnakeTest" time="0.0"/>
  <system-out><![CDATA[]]></system-out>
  <system-err><![CDATA[]]></system-err>
</testsuite>
