<?xml version="1.0" encoding="UTF-8"?>
<testsuite name="gui.ArenaViewTest" tests="4" skipped="0" failures="0" errors="0" timestamp="2020-05-11T17:54:04" hostname="LAPTOP-GER1ALIG" time="2.491">
  <properties/>
  <testcase name="testDrawApples" classname="gui.ArenaViewTest" time="2.413"/>
  <testcase name="testDrawArena" classname="gui.ArenaViewTest" time="0.051"/>
  <testcase name="testDrawSnake" classname="gui.ArenaViewTest" time="0.017"/>
  <testcase name="testDrawWalls" classname="gui.ArenaViewTest" time="0.009"/>
  <system-out><![CDATA[]]></system-out>
  <system-err><![CDATA[]]></system-err>
</testsuite>
