<?xml version="1.0" encoding="UTF-8"?>
<testsuite name="gui.ArenaViewTest" tests="3" skipped="0" failures="0" errors="0" timestamp="2020-04-30T13:51:23" hostname="LAPTOP-GER1ALIG" time="1.308">
  <properties/>
  <testcase name="testDrawSnake" classname="gui.ArenaViewTest" time="1.3"/>
  <testcase name="testDrawWalls" classname="gui.ArenaViewTest" time="0.003"/>
  <testcase name="testApplesWalls" classname="gui.ArenaViewTest" time="0.004"/>
  <system-out><![CDATA[]]></system-out>
  <system-err><![CDATA[]]></system-err>
</testsuite>
