<?xml version="1.0" encoding="UTF-8"?>
<testsuite name="com.g44.filereaders.MapReaderTest" tests="1" skipped="0" failures="0" errors="0" timestamp="2020-05-31T22:52:35" hostname="LAPTOP-GER1ALIG" time="0.003">
  <properties/>
  <testcase name="mapReaderTest" classname="com.g44.filereaders.MapReaderTest" time="0.003"/>
  <system-out><![CDATA[]]></system-out>
  <system-err><![CDATA[]]></system-err>
</testsuite>
