<?xml version="1.0" encoding="UTF-8"?>
<testsuite name="data.SnakeTest" tests="2" skipped="0" failures="0" errors="0" timestamp="2020-04-30T12:12:38" hostname="LAPTOP-GER1ALIG" time="0.001">
  <properties/>
  <testcase name="testConstructor" classname="data.SnakeTest" time="0.0"/>
  <testcase name="testSetPosition" classname="data.SnakeTest" time="0.001"/>
  <system-out><![CDATA[]]></system-out>
  <system-err><![CDATA[]]></system-err>
</testsuite>
