<?xml version="1.0" encoding="UTF-8"?>
<testsuite name="gui.ViewTest" tests="5" skipped="0" failures="0" errors="0" timestamp="2020-05-30T13:39:26" hostname="LAPTOP-GER1ALIG" time="1.959">
  <properties/>
  <testcase name="testDrawArenaSinglePlayer" classname="gui.ViewTest" time="1.913"/>
  <testcase name="testDrawApples" classname="gui.ViewTest" time="0.005"/>
  <testcase name="testDrawArenaMultiPlayer" classname="gui.ViewTest" time="0.018"/>
  <testcase name="testDrawSnake" classname="gui.ViewTest" time="0.018"/>
  <testcase name="testDrawWalls" classname="gui.ViewTest" time="0.005"/>
  <system-out><![CDATA[]]></system-out>
  <system-err><![CDATA[]]></system-err>
</testsuite>
