<?xml version="1.0" encoding="UTF-8"?>
<testsuite name="data.ArenaTest" tests="4" skipped="0" failures="0" errors="0" timestamp="2020-05-03T22:18:04" hostname="LAPTOP-GER1ALIG" time="0.047">
  <properties/>
  <testcase name="testBuildWalls" classname="data.ArenaTest" time="0.044"/>
  <testcase name="getWidthTest" classname="data.ArenaTest" time="0.002"/>
  <testcase name="getHeightTest" classname="data.ArenaTest" time="0.0"/>
  <testcase name="testConstructor" classname="data.ArenaTest" time="0.0"/>
  <system-out><![CDATA[]]></system-out>
  <system-err><![CDATA[]]></system-err>
</testsuite>
