<?xml version="1.0" encoding="UTF-8"?>
<testsuite name="rules.SnakeControllerTest" tests="4" skipped="0" failures="0" errors="0" timestamp="2020-05-11T17:54:08" hostname="LAPTOP-GER1ALIG" time="0.022">
  <properties/>
  <testcase name="unshrinkSnakeTest" classname="rules.SnakeControllerTest" time="0.006"/>
  <testcase name="growSnakeTest" classname="rules.SnakeControllerTest" time="0.009"/>
  <testcase name="shrinkSnakeTest" classname="rules.SnakeControllerTest" time="0.003"/>
  <testcase name="walkSnakeTest" classname="rules.SnakeControllerTest" time="0.003"/>
  <system-out><![CDATA[]]></system-out>
  <system-err><![CDATA[]]></system-err>
</testsuite>
