<?xml version="1.0" encoding="UTF-8"?>
<testsuite name="model.AppleTest" tests="1" skipped="0" failures="0" errors="0" timestamp="2020-05-31T17:47:52" hostname="LAPTOP-DDA1VVIE" time="0.006">
  <properties/>
  <testcase name="testApple" classname="model.AppleTest" time="0.006"/>
  <system-out><![CDATA[]]></system-out>
  <system-err><![CDATA[]]></system-err>
</testsuite>
