<?xml version="1.0" encoding="UTF-8"?>
<testsuite name="rules.ArenaControllerTest" tests="6" skipped="0" failures="0" errors="0" timestamp="2020-05-11T17:36:06" hostname="LAPTOP-DDA1VVIE" time="1.226">
  <properties/>
  <testcase name="checkCollisionsTest" classname="rules.ArenaControllerTest" time="0.815"/>
  <testcase name="getColidingApplesTest" classname="rules.ArenaControllerTest" time="0.06"/>
  <testcase name="movementTest" classname="rules.ArenaControllerTest" time="0.132"/>
  <testcase name="getColidingElemsTest" classname="rules.ArenaControllerTest" time="0.075"/>
  <testcase name="eatAppleTest" classname="rules.ArenaControllerTest" time="0.071"/>
  <testcase name="getCollidingBodyTest" classname="rules.ArenaControllerTest" time="0.071"/>
  <system-out><![CDATA[thats ok
thats ok
SPECIAL
thats ok
]]></system-out>
  <system-err><![CDATA[]]></system-err>
</testsuite>
