<?xml version="1.0" encoding="UTF-8"?>
<testsuite name="gui.ArenaViewTest" tests="4" skipped="0" failures="0" errors="0" timestamp="2020-05-21T13:35:57" hostname="LAPTOP-GER1ALIG" time="0.239">
  <properties/>
  <testcase name="testDrawApples" classname="gui.ArenaViewTest" time="0.208"/>
  <testcase name="testDrawArena" classname="gui.ArenaViewTest" time="0.016"/>
  <testcase name="testDrawSnake" classname="gui.ArenaViewTest" time="0.009"/>
  <testcase name="testDrawWalls" classname="gui.ArenaViewTest" time="0.006"/>
  <system-out><![CDATA[]]></system-out>
  <system-err><![CDATA[]]></system-err>
</testsuite>
