<?xml version="1.0" encoding="UTF-8"?>
<testsuite name="com.g44.model.GameOverModelTest" tests="1" skipped="0" failures="0" errors="0" timestamp="2020-05-31T22:48:08" hostname="LAPTOP-GER1ALIG" time="0.0">
  <properties/>
  <testcase name="testGameOverModel" classname="com.g44.model.GameOverModelTest" time="0.0"/>
  <system-out><![CDATA[]]></system-out>
  <system-err><![CDATA[]]></system-err>
</testsuite>
