<?xml version="1.0" encoding="UTF-8"?>
<testsuite name="gui.ArenaViewTest" tests="4" skipped="0" failures="0" errors="0" timestamp="2020-05-11T17:36:04" hostname="LAPTOP-DDA1VVIE" time="1.477">
  <properties/>
  <testcase name="testDrawApples" classname="gui.ArenaViewTest" time="1.457"/>
  <testcase name="testDrawArena" classname="gui.ArenaViewTest" time="0.01"/>
  <testcase name="testDrawSnake" classname="gui.ArenaViewTest" time="0.006"/>
  <testcase name="testDrawWalls" classname="gui.ArenaViewTest" time="0.004"/>
  <system-out><![CDATA[]]></system-out>
  <system-err><![CDATA[]]></system-err>
</testsuite>
